================================
  æˆè®¯è§£æåŠ©æ‰‹
================================

æ¿€æ´»è™šæ‹Ÿç¯å¢ƒ...
å‘ç°ç«¯å£ 5001 è¢«å ç”¨ (PID: 76845
77052)ï¼Œæ­£åœ¨æ¸…ç†...
ç«¯å£å·²é‡Šæ”¾

å¯åŠ¨åç«¯æœåŠ¡...
è®¿é—®åœ°å€: http://localhost:5000

æŒ‰ Ctrl+C åœæ­¢æœåŠ¡
================================

============================================================
æˆè®¯è§£æåŠ©æ‰‹åç«¯æœåŠ¡
============================================================
æœåŠ¡åœ°å€: http://localhost:5001
APIæ–‡æ¡£:
  POST /api/parse   - è§£ææ–‡ç« 
  POST /api/export  - å¯¼å‡ºæ•°æ®
  POST /api/sync/preview - é¢„è§ˆåŒæ­¥è®¡åˆ’
  POST /api/sync/execute - æ‰§è¡ŒåŒæ­¥è®¡åˆ’
  GET  /api/health  - å¥åº·æ£€æŸ¥
============================================================

 * Serving Flask app 'app'
 * Debug mode: on
[31m[1mWARNING: This is a development server. Do not use it in a production deployment. Use a production WSGI server instead.[0m
 * Running on all addresses (0.0.0.0)
 * Running on http://127.0.0.1:5001
 * Running on http://172.18.0.1:5001
[33mPress CTRL+C to quit[0m
 * Restarting with stat
 * Debugger is active!
 * Debugger PIN: 182-459-942
./start.sh: line 46: 80532 Killed: 9               python app.py
/opt/homebrew/Cellar/python@3.13/3.13.7/Frameworks/Python.framework/Versions/3.13/lib/python3.13/multiprocessing/resource_tracker.py:324: UserWarning: resource_tracker: There appear to be 1 leaked semaphore objects to clean up at shutdown: {'/mp-u7nysy72'}
  warnings.warn(
/opt/homebrew/Cellar/python@3.13/3.13.7/Frameworks/Python.framework/Versions/3.13/lib/python3.13/multiprocessing/resource_tracker.py:324: UserWarning: resource_tracker: There appear to be 1 leaked semaphore objects to clean up at shutdown: {'/mp-y03phtdu'}
  warnings.warn(
